#-----------------------------------------------------------
# Webtalk v2019.1 (64-bit)
# SW Build 2552052 on Fri May 24 14:47:09 MDT 2019
# 
# Start of session at: Mon Oct  7 14:24:50 2019
# Process ID: 27340
# Current directory: /home/nasm/Projects/hw-snp-use-case/build/top.sdk/webtalk
# Command line: wbtcv -mode batch -source sdk_webtalk.tcl
# Log file: /home/nasm/Projects/hw-snp-use-case/build/top.sdk/webtalk/webtalk.log
# Journal file: /home/nasm/Projects/hw-snp-use-case/build/top.sdk/webtalk/webtalk.jou
#-----------------------------------------------------------
source sdk_webtalk.tcl
# webtalk_init -webtalk_dir /home/nasm/Projects/hw-snp-use-case/build/top.sdk/webtalk
# webtalk_register_client -client project
# webtalk_add_data -client project -key date_generated -value "2019-10-07 14:24:48" -context "software_version_and_target_device"
# webtalk_add_data -client project -key product_version -value "SDK v2019.1" -context "software_version_and_target_device"
# webtalk_add_data -client project -key build_version -value "2019.1" -context "software_version_and_target_device"
# webtalk_add_data -client project -key os_platform -value "amd64" -context "software_version_and_target_device"
# webtalk_add_data -client project -key registration_id -value "211718669_1777545793_210713229_602" -context "software_version_and_target_device"
# webtalk_add_data -client project -key tool_flow -value "SDK" -context "software_version_and_target_device"
# webtalk_add_data -client project -key beta -value "false" -context "software_version_and_target_device"
# webtalk_add_data -client project -key route_design -value "NA" -context "software_version_and_target_device"
# webtalk_add_data -client project -key target_family -value "NA" -context "software_version_and_target_device"
# webtalk_add_data -client project -key target_device -value "NA" -context "software_version_and_target_device"
# webtalk_add_data -client project -key target_package -value "NA" -context "software_version_and_target_device"
# webtalk_add_data -client project -key target_speed -value "NA" -context "software_version_and_target_device"
# webtalk_add_data -client project -key random_id -value "u5ugm5hbl0idtjhv4hicnmeftd" -context "software_version_and_target_device"
# webtalk_add_data -client project -key project_id -value "2019.1_30" -context "software_version_and_target_device"
# webtalk_add_data -client project -key project_iteration -value "30" -context "software_version_and_target_device"
# webtalk_add_data -client project -key os_name -value "Ubuntu" -context "user_environment"
# webtalk_add_data -client project -key os_release -value "Ubuntu 18.04.2 LTS" -context "user_environment"
# webtalk_add_data -client project -key cpu_name -value "Intel(R) Core(TM) i5-7500 CPU @ 3.40GHz" -context "user_environment"
# webtalk_add_data -client project -key cpu_speed -value "3664.681 MHz" -context "user_environment"
# webtalk_add_data -client project -key total_processors -value "1" -context "user_environment"
# webtalk_add_data -client project -key system_ram -value "16,774 GB" -context "user_environment"
# webtalk_register_client -client sdk
# webtalk_add_data -client sdk -key uid -value "1570448862000" -context "sdk\\\\hardware/1570448862000"
# webtalk_add_data -client sdk -key isZynq -value "true" -context "sdk\\\\hardware/1570448862000"
# webtalk_add_data -client sdk -key isZynqMP -value "false" -context "sdk\\\\hardware/1570448862000"
# webtalk_add_data -client sdk -key Processors -value "2" -context "sdk\\\\hardware/1570448862000"
# webtalk_add_data -client sdk -key VivadoVersion -value "2019.1" -context "sdk\\\\hardware/1570448862000"
# webtalk_add_data -client sdk -key Arch -value "zynq" -context "sdk\\\\hardware/1570448862000"
# webtalk_add_data -client sdk -key Device -value "7z020" -context "sdk\\\\hardware/1570448862000"
# webtalk_add_data -client sdk -key IsHandoff -value "true" -context "sdk\\\\hardware/1570448862000"
# webtalk_add_data -client sdk -key os -value "NA" -context "sdk\\\\hardware/1570448862000"
# webtalk_add_data -client sdk -key apptemplate -value "NA" -context "sdk\\\\hardware/1570448862000"
# webtalk_add_data -client sdk -key RecordType -value "HWCreation" -context "sdk\\\\hardware/1570448862000"
# webtalk_add_data -client sdk -key uid -value "1570448871000" -context "sdk\\\\bsp/1570448871000"
# webtalk_add_data -client sdk -key hwid -value "1570448862000" -context "sdk\\\\bsp/1570448871000"
# webtalk_add_data -client sdk -key os -value "standalone" -context "sdk\\\\bsp/1570448871000"
# webtalk_add_data -client sdk -key apptemplate -value "hello_world" -context "sdk\\\\bsp/1570448871000"
# webtalk_add_data -client sdk -key RecordType -value "BSPCreation" -context "sdk\\\\bsp/1570448871000"
# webtalk_add_data -client sdk -key uid -value "1570448876000" -context "sdk\\\\application/1570448876000"
# webtalk_add_data -client sdk -key hwid -value "1570448862000" -context "sdk\\\\application/1570448876000"
# webtalk_add_data -client sdk -key bspid -value "1570448871000" -context "sdk\\\\application/1570448876000"
# webtalk_add_data -client sdk -key newbsp -value "true" -context "sdk\\\\application/1570448876000"
# webtalk_add_data -client sdk -key os -value "standalone" -context "sdk\\\\application/1570448876000"
# webtalk_add_data -client sdk -key apptemplate -value "hello_world" -context "sdk\\\\application/1570448876000"
# webtalk_add_data -client sdk -key RecordType -value "APPCreation" -context "sdk\\\\application/1570448876000"
# webtalk_add_data -client sdk -key LangUsed -value "C" -context "sdk\\\\application/1570448876000"
# webtalk_add_data -client sdk -key Procused -value "ps7_cortexa9" -context "sdk\\\\application/1570448876000"
# webtalk_add_data -client sdk -key projSize -value "333.8359375" -context "sdk\\\\application/1570448876000"
# webtalk_add_data -client sdk -key uid -value "1570449232000" -context "sdk\\\\bsp/1570449232000"
# webtalk_add_data -client sdk -key hwid -value "1570448862000" -context "sdk\\\\bsp/1570449232000"
# webtalk_add_data -client sdk -key os -value "standalone" -context "sdk\\\\bsp/1570449232000"
# webtalk_add_data -client sdk -key apptemplate -value "zynq_fsbl" -context "sdk\\\\bsp/1570449232000"
# webtalk_add_data -client sdk -key RecordType -value "BSPCreation" -context "sdk\\\\bsp/1570449232000"
# webtalk_add_data -client sdk -key uid -value "1570449237000" -context "sdk\\\\application/1570449237000"
# webtalk_add_data -client sdk -key hwid -value "1570448862000" -context "sdk\\\\application/1570449237000"
# webtalk_add_data -client sdk -key bspid -value "1570449232000" -context "sdk\\\\application/1570449237000"
# webtalk_add_data -client sdk -key newbsp -value "true" -context "sdk\\\\application/1570449237000"
# webtalk_add_data -client sdk -key os -value "standalone" -context "sdk\\\\application/1570449237000"
# webtalk_add_data -client sdk -key apptemplate -value "zynq_fsbl" -context "sdk\\\\application/1570449237000"
# webtalk_add_data -client sdk -key RecordType -value "APPCreation" -context "sdk\\\\application/1570449237000"
# webtalk_add_data -client sdk -key LangUsed -value "C" -context "sdk\\\\application/1570449237000"
# webtalk_add_data -client sdk -key Procused -value "ps7_cortexa9" -context "sdk\\\\application/1570449237000"
# webtalk_add_data -client sdk -key projSize -value "715.11328125" -context "sdk\\\\application/1570449237000"
# webtalk_add_data -client sdk -key uid -value "NA" -context "sdk\\\\bsp/1570451088877"
# webtalk_add_data -client sdk -key RecordType -value "ToolUsage" -context "sdk\\\\bsp/1570451088877"
# webtalk_add_data -client sdk -key BootgenCount -value "1" -context "sdk\\\\bsp/1570451088877"
# webtalk_add_data -client sdk -key DebugCount -value "6" -context "sdk\\\\bsp/1570451088877"
# webtalk_add_data -client sdk -key PerfCount -value "0" -context "sdk\\\\bsp/1570451088877"
# webtalk_add_data -client sdk -key FlashCount -value "1" -context "sdk\\\\bsp/1570451088877"
# webtalk_add_data -client sdk -key CrossTriggCount -value "0" -context "sdk\\\\bsp/1570451088877"
# webtalk_add_data -client sdk -key QemuDebugCount -value "0" -context "sdk\\\\bsp/1570451088877"
# webtalk_transmit -clientid 2394351004 -regid "211718669_1777545793_210713229_602" -xml /home/nasm/Projects/hw-snp-use-case/build/top.sdk/webtalk/usage_statistics_ext_sdk.xml -html /home/nasm/Projects/hw-snp-use-case/build/top.sdk/webtalk/usage_statistics_ext_sdk.html -wdm /home/nasm/Projects/hw-snp-use-case/build/top.sdk/webtalk/sdk_webtalk.wdm -intro "<H3>SDK Usage Report</H3><BR>"
# webtalk_terminate
INFO: [Common 17-206] Exiting Webtalk at Mon Oct  7 14:24:50 2019...
