13:47:32 INFO  : Registering command handlers for SDK TCF services
13:47:33 INFO  : Launching XSCT server: xsct -n -interactive /home/nasm/Projects/hw-snp-use-case/build/top.sdk/temp_xsdb_launch_script.tcl
13:47:37 INFO  : XSCT server has started successfully.
13:47:38 INFO  : Successfully done setting XSCT server connection channel  
13:47:38 INFO  : Successfully done setting SDK workspace  
13:47:38 INFO  : Processing command line option -hwspec /home/nasm/Projects/hw-snp-use-case/build/top.sdk/top_wrapper.hdf.
13:50:49 INFO  : 'targets -set -filter {jtag_cable_name =~ "Digilent Zed 210248764494" && level==0} -index 1' command is executed.
13:50:49 INFO  : 'fpga -state' command is executed.
13:50:49 INFO  : Connected to target on host '127.0.0.1' and port '3121'.
13:50:49 INFO  : Jtag cable 'Digilent Zed 210248764494' is selected.
13:50:49 INFO  : 'jtag frequency' command is executed.
13:50:49 INFO  : Sourcing of '/home/nasm/Projects/hw-snp-use-case/build/top.sdk/top_wrapper_hw_platform_0/ps7_init.tcl' is done.
13:50:49 INFO  : Context for 'APU' is selected.
13:50:49 INFO  : Hardware design information is loaded from '/home/nasm/Projects/hw-snp-use-case/build/top.sdk/top_wrapper_hw_platform_0/system.hdf'.
13:50:49 INFO  : 'configparams force-mem-access 1' command is executed.
13:50:49 INFO  : Context for 'APU' is selected.
13:50:50 INFO  : 'stop' command is executed.
13:50:50 INFO  : 'ps7_init' command is executed.
13:50:50 INFO  : 'ps7_post_config' command is executed.
13:50:50 INFO  : Context for processor 'ps7_cortexa9_0' is selected.
13:50:50 INFO  : Processor reset is completed for 'ps7_cortexa9_0'.
13:50:50 INFO  : Context for processor 'ps7_cortexa9_0' is selected.
13:50:50 INFO  : The application '/home/nasm/Projects/hw-snp-use-case/build/top.sdk/app/Debug/app.elf' is downloaded to processor 'ps7_cortexa9_0'.
13:50:50 INFO  : 'configparams force-mem-access 0' command is executed.
13:50:50 INFO  : ----------------XSDB Script----------------
connect -url tcp:127.0.0.1:3121
source /home/nasm/Projects/hw-snp-use-case/build/top.sdk/top_wrapper_hw_platform_0/ps7_init.tcl
targets -set -nocase -filter {name =~"APU*" && jtag_cable_name =~ "Digilent Zed 210248764494"} -index 0
loadhw -hw /home/nasm/Projects/hw-snp-use-case/build/top.sdk/top_wrapper_hw_platform_0/system.hdf -mem-ranges [list {0x40000000 0xbfffffff}]
configparams force-mem-access 1
targets -set -nocase -filter {name =~"APU*" && jtag_cable_name =~ "Digilent Zed 210248764494"} -index 0
stop
ps7_init
ps7_post_config
targets -set -nocase -filter {name =~ "ARM*#0" && jtag_cable_name =~ "Digilent Zed 210248764494"} -index 0
rst -processor
targets -set -nocase -filter {name =~ "ARM*#0" && jtag_cable_name =~ "Digilent Zed 210248764494"} -index 0
dow /home/nasm/Projects/hw-snp-use-case/build/top.sdk/app/Debug/app.elf
configparams force-mem-access 0
----------------End of Script----------------

13:50:51 INFO  : Memory regions updated for context APU
13:50:51 INFO  : Context for processor 'ps7_cortexa9_0' is selected.
13:50:51 INFO  : 'con' command is executed.
13:50:51 INFO  : ----------------XSDB Script (After Launch)----------------
targets -set -nocase -filter {name =~ "ARM*#0" && jtag_cable_name =~ "Digilent Zed 210248764494"} -index 0
con
----------------End of Script----------------

13:50:51 INFO  : Launch script is exported to file '/home/nasm/Projects/hw-snp-use-case/build/top.sdk/.sdk/launch_scripts/xilinx_c-c++_application_(system_debugger)/system_debugger_using_debug_app.elf_on_local.tcl'
13:51:15 INFO  : Disconnected from the channel tcfchan#1.
13:52:40 INFO  : 'targets -set -filter {jtag_cable_name =~ "Digilent Zed 210248764494" && level==0} -index 1' command is executed.
13:52:40 INFO  : 'fpga -state' command is executed.
13:52:40 INFO  : Connected to target on host '127.0.0.1' and port '3121'.
13:52:40 INFO  : Jtag cable 'Digilent Zed 210248764494' is selected.
13:52:40 INFO  : 'jtag frequency' command is executed.
13:52:40 INFO  : Sourcing of '/home/nasm/Projects/hw-snp-use-case/build/top.sdk/top_wrapper_hw_platform_0/ps7_init.tcl' is done.
13:52:40 INFO  : Context for 'APU' is selected.
13:52:41 INFO  : Hardware design information is loaded from '/home/nasm/Projects/hw-snp-use-case/build/top.sdk/top_wrapper_hw_platform_0/system.hdf'.
13:52:41 INFO  : 'configparams force-mem-access 1' command is executed.
13:52:41 INFO  : Context for 'APU' is selected.
13:52:41 INFO  : 'stop' command is executed.
13:52:42 INFO  : 'ps7_init' command is executed.
13:52:42 INFO  : 'ps7_post_config' command is executed.
13:52:42 INFO  : Context for processor 'ps7_cortexa9_0' is selected.
13:52:42 INFO  : Processor reset is completed for 'ps7_cortexa9_0'.
13:52:42 INFO  : Context for processor 'ps7_cortexa9_0' is selected.
13:52:42 INFO  : The application '/home/nasm/Projects/hw-snp-use-case/build/top.sdk/app/Debug/app.elf' is downloaded to processor 'ps7_cortexa9_0'.
13:52:42 INFO  : 'configparams force-mem-access 0' command is executed.
13:52:42 INFO  : ----------------XSDB Script----------------
connect -url tcp:127.0.0.1:3121
source /home/nasm/Projects/hw-snp-use-case/build/top.sdk/top_wrapper_hw_platform_0/ps7_init.tcl
targets -set -nocase -filter {name =~"APU*" && jtag_cable_name =~ "Digilent Zed 210248764494"} -index 0
loadhw -hw /home/nasm/Projects/hw-snp-use-case/build/top.sdk/top_wrapper_hw_platform_0/system.hdf -mem-ranges [list {0x40000000 0xbfffffff}]
configparams force-mem-access 1
targets -set -nocase -filter {name =~"APU*" && jtag_cable_name =~ "Digilent Zed 210248764494"} -index 0
stop
ps7_init
ps7_post_config
targets -set -nocase -filter {name =~ "ARM*#0" && jtag_cable_name =~ "Digilent Zed 210248764494"} -index 0
rst -processor
targets -set -nocase -filter {name =~ "ARM*#0" && jtag_cable_name =~ "Digilent Zed 210248764494"} -index 0
dow /home/nasm/Projects/hw-snp-use-case/build/top.sdk/app/Debug/app.elf
configparams force-mem-access 0
----------------End of Script----------------

13:52:42 INFO  : Memory regions updated for context APU
13:52:42 INFO  : Context for processor 'ps7_cortexa9_0' is selected.
13:52:42 INFO  : 'con' command is executed.
13:52:42 INFO  : ----------------XSDB Script (After Launch)----------------
targets -set -nocase -filter {name =~ "ARM*#0" && jtag_cable_name =~ "Digilent Zed 210248764494"} -index 0
con
----------------End of Script----------------

13:52:42 INFO  : Launch script is exported to file '/home/nasm/Projects/hw-snp-use-case/build/top.sdk/.sdk/launch_scripts/xilinx_c-c++_application_(system_debugger)/system_debugger_using_debug_app.elf_on_local.tcl'
13:53:13 INFO  : Disconnected from the channel tcfchan#2.
13:53:38 INFO  : Refreshed build settings on project app
13:55:03 INFO  : Invoking Bootgen: bootgen -image fsbl.bif -arch zynq -o /home/nasm/Projects/hw-snp-use-case/build/top.sdk/fsbl/bootimage/BOOT.bin
13:55:03 INFO  : Creating new bif file /home/nasm/Projects/hw-snp-use-case/build/top.sdk/fsbl/bootimage/fsbl.bif
13:55:05 INFO  : Bootgen command execution is done.
13:58:13 INFO  : 'targets -set -filter {jtag_cable_name =~ "Digilent Zed 210248764494" && level==0} -index 1' command is executed.
13:58:13 INFO  : 'fpga -state' command is executed.
13:58:18 INFO  : Memory regions updated for context APU
13:58:25 INFO  : 'targets -set -filter {jtag_cable_name =~ "Digilent Zed 210248764494" && level==0} -index 1' command is executed.
13:58:25 INFO  : 'fpga -state' command is executed.
13:58:26 INFO  : Memory regions updated for context APU
13:58:43 INFO  : 'targets -set -filter {jtag_cable_name =~ "Digilent Zed 210248764494" && level==0} -index 1' command is executed.
13:58:43 INFO  : 'fpga -state' command is executed.
13:58:43 INFO  : Connected to target on host '127.0.0.1' and port '3121'.
13:58:43 INFO  : Jtag cable 'Digilent Zed 210248764494' is selected.
13:58:43 INFO  : 'jtag frequency' command is executed.
13:58:43 INFO  : Sourcing of '/home/nasm/Projects/hw-snp-use-case/build/top.sdk/top_wrapper_hw_platform_0/ps7_init.tcl' is done.
13:58:43 INFO  : Context for 'APU' is selected.
13:58:43 INFO  : Hardware design information is loaded from '/home/nasm/Projects/hw-snp-use-case/build/top.sdk/top_wrapper_hw_platform_0/system.hdf'.
13:58:43 INFO  : 'configparams force-mem-access 1' command is executed.
13:58:43 INFO  : Context for 'APU' is selected.
13:58:44 INFO  : 'stop' command is executed.
13:58:44 INFO  : 'ps7_init' command is executed.
13:58:44 INFO  : 'ps7_post_config' command is executed.
13:58:44 INFO  : Context for processor 'ps7_cortexa9_0' is selected.
13:58:44 INFO  : Processor reset is completed for 'ps7_cortexa9_0'.
13:58:44 INFO  : Context for processor 'ps7_cortexa9_0' is selected.
13:58:44 INFO  : The application '/home/nasm/Projects/hw-snp-use-case/build/top.sdk/app/Debug/app.elf' is downloaded to processor 'ps7_cortexa9_0'.
13:58:44 INFO  : 'configparams force-mem-access 0' command is executed.
13:58:44 INFO  : ----------------XSDB Script----------------
connect -url tcp:127.0.0.1:3121
source /home/nasm/Projects/hw-snp-use-case/build/top.sdk/top_wrapper_hw_platform_0/ps7_init.tcl
targets -set -nocase -filter {name =~"APU*" && jtag_cable_name =~ "Digilent Zed 210248764494"} -index 0
loadhw -hw /home/nasm/Projects/hw-snp-use-case/build/top.sdk/top_wrapper_hw_platform_0/system.hdf -mem-ranges [list {0x40000000 0xbfffffff}]
configparams force-mem-access 1
targets -set -nocase -filter {name =~"APU*" && jtag_cable_name =~ "Digilent Zed 210248764494"} -index 0
stop
ps7_init
ps7_post_config
targets -set -nocase -filter {name =~ "ARM*#0" && jtag_cable_name =~ "Digilent Zed 210248764494"} -index 0
rst -processor
targets -set -nocase -filter {name =~ "ARM*#0" && jtag_cable_name =~ "Digilent Zed 210248764494"} -index 0
dow /home/nasm/Projects/hw-snp-use-case/build/top.sdk/app/Debug/app.elf
configparams force-mem-access 0
----------------End of Script----------------

13:58:44 INFO  : Memory regions updated for context APU
13:58:44 INFO  : Context for processor 'ps7_cortexa9_0' is selected.
13:58:44 INFO  : 'con' command is executed.
13:58:44 INFO  : ----------------XSDB Script (After Launch)----------------
targets -set -nocase -filter {name =~ "ARM*#0" && jtag_cable_name =~ "Digilent Zed 210248764494"} -index 0
con
----------------End of Script----------------

13:58:44 INFO  : Launch script is exported to file '/home/nasm/Projects/hw-snp-use-case/build/top.sdk/.sdk/launch_scripts/xilinx_c-c++_application_(system_debugger)/system_debugger_using_debug_app.elf_on_local.tcl'
13:59:40 INFO  : Disconnected from the channel tcfchan#3.
13:59:51 INFO  : 'targets -set -filter {jtag_cable_name =~ "Digilent Zed 210248764494" && level==0} -index 1' command is executed.
13:59:51 INFO  : 'fpga -state' command is executed.
13:59:51 INFO  : Connected to target on host '127.0.0.1' and port '3121'.
13:59:51 INFO  : Jtag cable 'Digilent Zed 210248764494' is selected.
13:59:51 INFO  : 'jtag frequency' command is executed.
13:59:51 INFO  : Sourcing of '/home/nasm/Projects/hw-snp-use-case/build/top.sdk/top_wrapper_hw_platform_0/ps7_init.tcl' is done.
13:59:51 INFO  : Context for 'APU' is selected.
13:59:53 INFO  : Hardware design information is loaded from '/home/nasm/Projects/hw-snp-use-case/build/top.sdk/top_wrapper_hw_platform_0/system.hdf'.
13:59:53 INFO  : 'configparams force-mem-access 1' command is executed.
13:59:53 INFO  : Context for 'APU' is selected.
13:59:53 INFO  : 'stop' command is executed.
13:59:53 INFO  : 'ps7_init' command is executed.
13:59:53 INFO  : 'ps7_post_config' command is executed.
13:59:53 INFO  : Context for processor 'ps7_cortexa9_0' is selected.
13:59:53 INFO  : Processor reset is completed for 'ps7_cortexa9_0'.
13:59:53 INFO  : Context for processor 'ps7_cortexa9_0' is selected.
13:59:54 INFO  : The application '/home/nasm/Projects/hw-snp-use-case/build/top.sdk/app/Debug/app.elf' is downloaded to processor 'ps7_cortexa9_0'.
13:59:54 INFO  : 'configparams force-mem-access 0' command is executed.
13:59:54 INFO  : ----------------XSDB Script----------------
connect -url tcp:127.0.0.1:3121
source /home/nasm/Projects/hw-snp-use-case/build/top.sdk/top_wrapper_hw_platform_0/ps7_init.tcl
targets -set -nocase -filter {name =~"APU*" && jtag_cable_name =~ "Digilent Zed 210248764494"} -index 0
loadhw -hw /home/nasm/Projects/hw-snp-use-case/build/top.sdk/top_wrapper_hw_platform_0/system.hdf -mem-ranges [list {0x40000000 0xbfffffff}]
configparams force-mem-access 1
targets -set -nocase -filter {name =~"APU*" && jtag_cable_name =~ "Digilent Zed 210248764494"} -index 0
stop
ps7_init
ps7_post_config
targets -set -nocase -filter {name =~ "ARM*#0" && jtag_cable_name =~ "Digilent Zed 210248764494"} -index 0
rst -processor
targets -set -nocase -filter {name =~ "ARM*#0" && jtag_cable_name =~ "Digilent Zed 210248764494"} -index 0
dow /home/nasm/Projects/hw-snp-use-case/build/top.sdk/app/Debug/app.elf
configparams force-mem-access 0
----------------End of Script----------------

13:59:54 INFO  : Memory regions updated for context APU
13:59:54 INFO  : Context for processor 'ps7_cortexa9_0' is selected.
13:59:54 INFO  : 'con' command is executed.
13:59:54 INFO  : ----------------XSDB Script (After Launch)----------------
targets -set -nocase -filter {name =~ "ARM*#0" && jtag_cable_name =~ "Digilent Zed 210248764494"} -index 0
con
----------------End of Script----------------

13:59:54 INFO  : Launch script is exported to file '/home/nasm/Projects/hw-snp-use-case/build/top.sdk/.sdk/launch_scripts/xilinx_c-c++_application_(system_debugger)/system_debugger_using_debug_app.elf_on_local.tcl'
14:00:41 INFO  : Disconnected from the channel tcfchan#4.
